[2018-02-03 22:06:39.039] [INFO] [default] - undefined 'wpj'
[2018-02-03 22:06:39.044] [ERROR] [default] - 26
[2018-02-03 22:06:39.044] [INFO] [default] - 

[2018-02-03 22:07:26.389] [INFO] [default] - ======================= undefined wpj
[2018-02-03 22:07:26.392] [ERROR] [default] - 26
[2018-02-03 22:07:26.392] [INFO] [default] - 

[2018-02-03 22:30:34.382] [ERROR] [default] - 8080
[2018-02-03 22:30:34.387] [INFO] [default] - 

[2018-02-03 22:30:56.444] [INFO] [default] - 8080
[2018-02-03 22:30:56.450] [INFO] [default] - 

[2018-02-03 22:50:13.858] [INFO] [default] - 准备启动服务器.....
[2018-02-03 22:50:13.860] [INFO] [default] - 

[2018-02-03 22:50:13.866] [INFO] [default] - 服务器启动耗时:9ms
[2018-02-03 22:50:13.866] [INFO] [default] - 监听端口：8080
[2018-02-03 22:50:13.866] [INFO] [default] - 系统核心数量：4
[2018-02-03 22:50:13.866] [INFO] [default] - 

[2018-02-03 23:22:10.304] [INFO] [default] - 准备启动服务器.....
[2018-02-03 23:22:10.306] [INFO] [default] - 

[2018-02-03 23:22:10.312] [INFO] [default] - 服务器启动耗时:9ms,监听端口：8080,系统核心数量：4
[2018-02-03 23:22:10.312] [INFO] [default] - 

[2018-02-03 23:23:07.307] [INFO] [default] - 准备启动服务器.....
[2018-02-03 23:23:07.314] [INFO] [default] - 

[2018-02-03 23:23:07.325] [INFO] [default] - 服务器启动耗时:19ms,监听端口：8080,系统核心数量：4
[2018-02-03 23:23:07.325] [INFO] [default] - 

[2018-02-03 23:24:01.793] [INFO] [default] - 准备启动服务器.....
[2018-02-03 23:24:01.795] [INFO] [default] - 

[2018-02-03 23:24:01.801] [INFO] [default] - 服务器启动耗时:9ms,监听端口：8080,系统核心数量：4
[2018-02-03 23:24:01.801] [INFO] [default] - 

[2018-02-03 23:24:31.107] [INFO] [default] - 准备启动服务器.....
[2018-02-03 23:24:31.109] [INFO] [default] - 

[2018-02-03 23:24:31.114] [INFO] [default] - 服务器启动耗时:8ms,监听端口：8080,系统核心数量：4
[2018-02-03 23:24:31.115] [INFO] [default] - 

[2018-02-03 23:25:59.164] [INFO] [default] - 准备启动服务器.....
[2018-02-03 23:25:59.166] [INFO] [default] - 

[2018-02-03 23:25:59.172] [INFO] [default] - 服务器启动耗时:9ms,监听端口：8080,系统核心数量：4
[2018-02-03 23:25:59.172] [INFO] [default] - 

[2018-02-03 23:27:36.078] [INFO] [default] - 准备启动服务器.....
[2018-02-03 23:27:36.080] [INFO] [default] - 

[2018-02-03 23:27:36.086] [INFO] [default] - 服务器启动耗时:9ms,监听端口：8080,系统核心数量：4
[2018-02-03 23:27:36.086] [INFO] [default] - 

[2018-02-03 23:31:18.499] [INFO] [default] - 准备启动服务器.....
[2018-02-03 23:31:18.501] [INFO] [default] - 

[2018-02-03 23:31:18.506] [INFO] [default] - 服务器启动耗时:9ms,监听端口：8080,系统核心数量：4
[2018-02-03 23:31:18.507] [INFO] [default] - 

[2018-02-03 23:31:46.734] [INFO] [default] - 用户请求端口:8080
[2018-02-03 23:31:46.734] [INFO] [default] - 用户请求接口：/app/login
[2018-02-03 23:31:46.734] [INFO] [default] - 请求方式:GET
[2018-02-03 23:31:46.734] [INFO] [default] - 

[2018-02-03 23:31:46.742] [INFO] [default] - post请求内容：{}
[2018-02-03 23:31:46.743] [INFO] [default] - get请求内容：{}
[2018-02-03 23:31:46.743] [INFO] [default] - 

[2018-02-03 23:31:47.366] [INFO] [default] - 用户请求端口:8080
[2018-02-03 23:31:47.366] [INFO] [default] - 用户请求文件：D:\workspace\todoAPI\favicon.ico
[2018-02-03 23:31:47.367] [INFO] [default] - 

[2018-02-03 23:31:58.847] [INFO] [default] - 用户请求端口:8080
[2018-02-03 23:31:58.848] [INFO] [default] - 用户请求接口：/app/login
[2018-02-03 23:31:58.848] [INFO] [default] - 请求方式:GET
[2018-02-03 23:31:58.848] [INFO] [default] - 

[2018-02-03 23:31:58.851] [INFO] [default] - post请求内容：{}
[2018-02-03 23:31:58.851] [INFO] [default] - get请求内容：{}
[2018-02-03 23:31:58.851] [INFO] [default] - 

[2018-02-03 23:32:09.384] [INFO] [default] - 用户请求端口:8080
[2018-02-03 23:32:09.384] [INFO] [default] - 用户请求接口：/app/login
[2018-02-03 23:32:09.384] [INFO] [default] - 请求方式:GET
[2018-02-03 23:32:09.385] [INFO] [default] - 

[2018-02-03 23:32:09.390] [INFO] [default] - post请求内容：{}
[2018-02-03 23:32:09.390] [INFO] [default] - get请求内容：{ '123': '' }
[2018-02-03 23:32:09.391] [INFO] [default] - 

[2018-02-03 23:43:47.653] [INFO] [default] - 准备启动服务器.....
[2018-02-03 23:43:47.656] [INFO] [default] - 

[2018-02-03 23:43:47.675] [INFO] [default] - 服务器启动耗时:24ms,监听端口：8080,系统核心数量：4
[2018-02-03 23:43:47.675] [INFO] [default] - 

[2018-02-03 23:44:30.016] [INFO] [default] - 准备启动服务器.....
[2018-02-03 23:44:30.018] [INFO] [default] - 

[2018-02-03 23:44:30.023] [INFO] [default] - 服务器启动耗时:8ms,监听端口：8080,系统核心数量：4
[2018-02-03 23:44:30.024] [INFO] [default] - 

[2018-02-03 23:45:24.284] [INFO] [default] - 用户请求端口:8080
[2018-02-03 23:45:24.285] [INFO] [default] - 用户请求接口：/app/login
[2018-02-03 23:45:24.285] [INFO] [default] - 请求方式:POST
[2018-02-03 23:45:24.285] [INFO] [default] - 

[2018-02-03 23:45:24.299] [INFO] [default] - post请求内容：{ name: 123 }
[2018-02-03 23:45:24.299] [INFO] [default] - get请求内容：{}
[2018-02-03 23:45:24.299] [INFO] [default] - 

[2018-02-03 23:45:24.570] [ERROR] [default] - 连接数据库失败！:
[2018-02-03 23:45:24.570] [ERROR] [default] - TypeError: conn.query is not a function
    at file:///D:/workspace/todoAPI/src/core/dbManager.mjs:42:36
    at tryCallTwo (D:\workspace\todoAPI\node_modules\promise\lib\core.js:45:5)
    at doResolve (D:\workspace\todoAPI\node_modules\promise\lib\core.js:200:13)
    at new Promise (D:\workspace\todoAPI\node_modules\promise\lib\core.js:66:3)
    at file:///D:/workspace/todoAPI/src/core/dbManager.mjs:40:16
    at tryCallOne (D:\workspace\todoAPI\node_modules\promise\lib\core.js:37:12)
    at D:\workspace\todoAPI\node_modules\promise\lib\core.js:123:15
    at flush (D:\workspace\todoAPI\node_modules\asap\raw.js:50:29)
    at _combinedTickCallback (internal/process/next_tick.js:131:7)
    at process._tickCallback (internal/process/next_tick.js:180:9)
[2018-02-03 23:45:24.572] [ERROR] [default] - 

[2018-02-03 23:46:45.953] [INFO] [default] - 准备启动服务器.....
[2018-02-03 23:46:45.955] [INFO] [default] - 

[2018-02-03 23:46:45.961] [INFO] [default] - 服务器启动耗时:9ms,监听端口：8080,系统核心数量：4
[2018-02-03 23:46:45.961] [INFO] [default] - 

[2018-02-03 23:46:49.231] [INFO] [default] - 用户请求端口:8080
[2018-02-03 23:46:49.232] [INFO] [default] - 用户请求接口：/app/login
[2018-02-03 23:46:49.232] [INFO] [default] - 请求方式:POST
[2018-02-03 23:46:49.232] [INFO] [default] - 

[2018-02-03 23:46:49.244] [INFO] [default] - post请求内容：{ name: 123 }
[2018-02-03 23:46:49.244] [INFO] [default] - get请求内容：{}
[2018-02-03 23:46:49.245] [INFO] [default] - 

[2018-02-03 23:46:49.269] [ERROR] [default] - ---连接获取失败---
[2018-02-03 23:46:49.269] [ERROR] [default] - 

[2018-02-03 23:46:49.271] [ERROR] [default] - 连接数据库失败！:
[2018-02-03 23:46:49.271] [ERROR] [default] - TypeError: conn.query is not a function
    at file:///D:/workspace/todoAPI/src/core/dbManager.mjs:44:36
    at tryCallTwo (D:\workspace\todoAPI\node_modules\promise\lib\core.js:45:5)
    at doResolve (D:\workspace\todoAPI\node_modules\promise\lib\core.js:200:13)
    at new Promise (D:\workspace\todoAPI\node_modules\promise\lib\core.js:66:3)
    at file:///D:/workspace/todoAPI/src/core/dbManager.mjs:42:16
    at tryCallOne (D:\workspace\todoAPI\node_modules\promise\lib\core.js:37:12)
    at D:\workspace\todoAPI\node_modules\promise\lib\core.js:123:15
    at flush (D:\workspace\todoAPI\node_modules\asap\raw.js:50:29)
    at _combinedTickCallback (internal/process/next_tick.js:131:7)
    at process._tickCallback (internal/process/next_tick.js:180:9)
[2018-02-03 23:46:49.272] [ERROR] [default] - 

[2018-02-03 23:47:11.253] [INFO] [default] - 准备启动服务器.....
[2018-02-03 23:47:11.255] [INFO] [default] - 

[2018-02-03 23:47:11.263] [INFO] [default] - 服务器启动耗时:11ms,监听端口：8080,系统核心数量：4
[2018-02-03 23:47:11.263] [INFO] [default] - 

[2018-02-03 23:47:13.650] [INFO] [default] - 用户请求端口:8080
[2018-02-03 23:47:13.650] [INFO] [default] - 用户请求接口：/app/login
[2018-02-03 23:47:13.651] [INFO] [default] - 请求方式:POST
[2018-02-03 23:47:13.651] [INFO] [default] - 

[2018-02-03 23:47:13.661] [INFO] [default] - post请求内容：{ name: 123 }
[2018-02-03 23:47:13.662] [INFO] [default] - get请求内容：{}
[2018-02-03 23:47:13.662] [INFO] [default] - 

[2018-02-03 23:47:13.685] [ERROR] [default] - ---连接获取失败---
[2018-02-03 23:47:13.685] [ERROR] [default] - { Error: ER_ACCESS_DENIED_ERROR: Access denied for user 'wpj'@'localhost' (using password: YES)
    at Handshake.Sequence._packetToError (D:\workspace\todoAPI\node_modules\mysql\lib\protocol\sequences\Sequence.js:52:14)
    at Handshake.ErrorPacket (D:\workspace\todoAPI\node_modules\mysql\lib\protocol\sequences\Handshake.js:130:18)
    at Protocol._parsePacket (D:\workspace\todoAPI\node_modules\mysql\lib\protocol\Protocol.js:279:23)
    at Parser.write (D:\workspace\todoAPI\node_modules\mysql\lib\protocol\Parser.js:76:12)
    at Protocol.write (D:\workspace\todoAPI\node_modules\mysql\lib\protocol\Protocol.js:39:16)
    at Socket.<anonymous> (D:\workspace\todoAPI\node_modules\mysql\lib\Connection.js:103:28)
    at emitOne (events.js:116:13)
    at Socket.emit (events.js:211:7)
    at addChunk (_stream_readable.js:263:12)
    at readableAddChunk (_stream_readable.js:250:11)
    --------------------
    at Protocol._enqueue (D:\workspace\todoAPI\node_modules\mysql\lib\protocol\Protocol.js:145:48)
    at Protocol.handshake (D:\workspace\todoAPI\node_modules\mysql\lib\protocol\Protocol.js:52:23)
    at PoolConnection.connect (D:\workspace\todoAPI\node_modules\mysql\lib\Connection.js:130:18)
    at Pool.getConnection (D:\workspace\todoAPI\node_modules\mysql\lib\Pool.js:48:16)
    at file:///D:/workspace/todoAPI/src/core/dbManager.mjs:23:14
    at tryCallTwo (D:\workspace\todoAPI\node_modules\promise\lib\core.js:45:5)
    at doResolve (D:\workspace\todoAPI\node_modules\promise\lib\core.js:200:13)
    at new Promise (D:\workspace\todoAPI\node_modules\promise\lib\core.js:66:3)
    at getConnect (file:///D:/workspace/todoAPI/src/core/dbManager.mjs:22:12)
    at query (file:///D:/workspace/todoAPI/src/core/dbManager.mjs:41:12)
  code: 'ER_ACCESS_DENIED_ERROR',
  errno: 1045,
  sqlMessage: 'Access denied for user \'wpj\'@\'localhost\' (using password: YES)',
  sqlState: '28000',
  fatal: true }
[2018-02-03 23:47:13.687] [ERROR] [default] - 

[2018-02-03 23:47:13.688] [ERROR] [default] - 连接数据库失败！:
[2018-02-03 23:47:13.688] [ERROR] [default] - TypeError: conn.query is not a function
    at file:///D:/workspace/todoAPI/src/core/dbManager.mjs:44:36
    at tryCallTwo (D:\workspace\todoAPI\node_modules\promise\lib\core.js:45:5)
    at doResolve (D:\workspace\todoAPI\node_modules\promise\lib\core.js:200:13)
    at new Promise (D:\workspace\todoAPI\node_modules\promise\lib\core.js:66:3)
    at file:///D:/workspace/todoAPI/src/core/dbManager.mjs:42:16
    at tryCallOne (D:\workspace\todoAPI\node_modules\promise\lib\core.js:37:12)
    at D:\workspace\todoAPI\node_modules\promise\lib\core.js:123:15
    at flush (D:\workspace\todoAPI\node_modules\asap\raw.js:50:29)
    at _combinedTickCallback (internal/process/next_tick.js:131:7)
    at process._tickCallback (internal/process/next_tick.js:180:9)
[2018-02-03 23:47:13.688] [ERROR] [default] - 

[2018-02-03 23:48:17.503] [INFO] [default] - 准备启动服务器.....
[2018-02-03 23:48:17.505] [INFO] [default] - 

[2018-02-03 23:48:17.512] [INFO] [default] - 服务器启动耗时:10ms,监听端口：8080,系统核心数量：4
[2018-02-03 23:48:17.512] [INFO] [default] - 

[2018-02-03 23:48:20.105] [INFO] [default] - 用户请求端口:8080
[2018-02-03 23:48:20.106] [INFO] [default] - 用户请求接口：/app/login
[2018-02-03 23:48:20.106] [INFO] [default] - 请求方式:POST
[2018-02-03 23:48:20.106] [INFO] [default] - 

[2018-02-03 23:48:20.117] [INFO] [default] - post请求内容：{ name: 123 }
[2018-02-03 23:48:20.117] [INFO] [default] - get请求内容：{}
[2018-02-03 23:48:20.117] [INFO] [default] - 

[2018-02-03 23:48:20.137] [INFO] [default] - ---连接获取成功---
[2018-02-03 23:48:20.138] [INFO] [default] - 

[2018-02-03 23:48:20.146] [INFO] [default] - 数据库SQL执行完毕: select * from c_user where phone = NULL and password = NULL 
[2018-02-03 23:48:20.146] [INFO] [default] - 

[2018-02-03 23:48:51.971] [INFO] [default] - 准备启动服务器.....
[2018-02-03 23:48:51.973] [INFO] [default] - 

[2018-02-03 23:48:51.979] [INFO] [default] - 服务器启动耗时:9ms,监听端口：8080,系统核心数量：4
[2018-02-03 23:48:51.979] [INFO] [default] - 

[2018-02-03 23:48:54.013] [INFO] [default] - 用户请求端口:8080
[2018-02-03 23:48:54.014] [INFO] [default] - 用户请求接口：/app/login
[2018-02-03 23:48:54.014] [INFO] [default] - 请求方式:POST
[2018-02-03 23:48:54.014] [INFO] [default] - 

[2018-02-03 23:48:54.026] [INFO] [default] - post请求内容：{ name: 123 }
[2018-02-03 23:48:54.027] [INFO] [default] - get请求内容：{}
[2018-02-03 23:48:54.027] [INFO] [default] - 

[2018-02-03 23:48:54.052] [INFO] [default] - ---连接获取成功---
[2018-02-03 23:48:54.053] [INFO] [default] - 

[2018-02-03 23:48:54.062] [INFO] [default] - 数据库SQL执行完毕: select * from c_user where phone = NULL and password = NULL 
[2018-02-03 23:48:54.063] [INFO] [default] - 

[2018-02-03 23:50:47.523] [INFO] [default] - 准备启动服务器.....
[2018-02-03 23:50:47.525] [INFO] [default] - 

[2018-02-03 23:50:47.531] [INFO] [default] - 服务器启动耗时:9ms,监听端口：8080,系统核心数量：4
[2018-02-03 23:50:47.531] [INFO] [default] - 

[2018-02-03 23:50:49.980] [INFO] [default] - 用户请求端口:8080
[2018-02-03 23:50:49.980] [INFO] [default] - 用户请求接口：/app/login
[2018-02-03 23:50:49.980] [INFO] [default] - 请求方式:POST
[2018-02-03 23:50:49.980] [INFO] [default] - 

[2018-02-03 23:50:49.992] [INFO] [default] - post请求内容：{ name: 123 }
[2018-02-03 23:50:49.992] [INFO] [default] - get请求内容：{}
[2018-02-03 23:50:49.992] [INFO] [default] - 

[2018-02-03 23:50:50.019] [INFO] [default] - ---连接获取成功---
[2018-02-03 23:50:50.019] [INFO] [default] - 

[2018-02-03 23:50:50.048] [INFO] [default] - 数据库SQL执行完毕: select * from c_user where phone = '1' and password = '1' 
[2018-02-03 23:50:50.049] [INFO] [default] - 

[2018-02-03 23:52:50.520] [INFO] [default] - 准备启动服务器.....
[2018-02-03 23:52:50.522] [INFO] [default] - 

[2018-02-03 23:52:50.529] [INFO] [default] - 服务器启动耗时:10ms,监听端口：8080,系统核心数量：4
[2018-02-03 23:52:50.529] [INFO] [default] - 

[2018-02-03 23:52:52.694] [INFO] [default] - 用户请求端口:8080
[2018-02-03 23:52:52.695] [INFO] [default] - 用户请求接口：/app/login
[2018-02-03 23:52:52.695] [INFO] [default] - 请求方式:POST
[2018-02-03 23:52:52.695] [INFO] [default] - 

[2018-02-03 23:52:52.704] [INFO] [default] - post请求内容：{ name: 123 }
[2018-02-03 23:52:52.704] [INFO] [default] - get请求内容：{}
[2018-02-03 23:52:52.705] [INFO] [default] - 

[2018-02-03 23:53:21.135] [INFO] [default] - 准备启动服务器.....
[2018-02-03 23:53:21.137] [INFO] [default] - 

[2018-02-03 23:53:21.144] [INFO] [default] - 服务器启动耗时:10ms,监听端口：8080,系统核心数量：4
[2018-02-03 23:53:21.144] [INFO] [default] - 

[2018-02-03 23:53:23.477] [INFO] [default] - 用户请求端口:8080
[2018-02-03 23:53:23.477] [INFO] [default] - 用户请求接口：/app/login
[2018-02-03 23:53:23.478] [INFO] [default] - 请求方式:POST
[2018-02-03 23:53:23.478] [INFO] [default] - 

[2018-02-03 23:53:23.490] [INFO] [default] - post请求内容：{ name: 123 }
[2018-02-03 23:53:23.490] [INFO] [default] - get请求内容：{}
[2018-02-03 23:53:23.490] [INFO] [default] - 

[2018-02-03 23:53:23.516] [ERROR] [default] - 连接数据库失败！:
[2018-02-03 23:53:23.516] [ERROR] [default] - TypeError: conn.query is not a function
    at file:///D:/workspace/todoAPI/src/core/dbManager.mjs:42:36
    at tryCallTwo (D:\workspace\todoAPI\node_modules\promise\lib\core.js:45:5)
    at doResolve (D:\workspace\todoAPI\node_modules\promise\lib\core.js:200:13)
    at new Promise (D:\workspace\todoAPI\node_modules\promise\lib\core.js:66:3)
    at file:///D:/workspace/todoAPI/src/core/dbManager.mjs:40:16
    at tryCallOne (D:\workspace\todoAPI\node_modules\promise\lib\core.js:37:12)
    at D:\workspace\todoAPI\node_modules\promise\lib\core.js:123:15
    at flush (D:\workspace\todoAPI\node_modules\asap\raw.js:50:29)
    at _combinedTickCallback (internal/process/next_tick.js:131:7)
    at process._tickCallback (internal/process/next_tick.js:180:9)
[2018-02-03 23:53:23.518] [ERROR] [default] - 

[2018-02-03 23:54:18.926] [INFO] [default] - 准备启动服务器.....
[2018-02-03 23:54:18.928] [INFO] [default] - 

[2018-02-03 23:54:18.933] [INFO] [default] - 服务器启动耗时:9ms,监听端口：8080,系统核心数量：4
[2018-02-03 23:54:18.933] [INFO] [default] - 

[2018-02-03 23:54:20.467] [INFO] [default] - 用户请求端口:8080
[2018-02-03 23:54:20.467] [INFO] [default] - 用户请求接口：/app/login
[2018-02-03 23:54:20.468] [INFO] [default] - 请求方式:POST
[2018-02-03 23:54:20.468] [INFO] [default] - 

[2018-02-03 23:54:20.480] [INFO] [default] - post请求内容：{ name: 123 }
[2018-02-03 23:54:20.480] [INFO] [default] - get请求内容：{}
[2018-02-03 23:54:20.481] [INFO] [default] - 

[2018-02-03 23:54:20.512] [ERROR] [default] - 连接数据库失败！:
[2018-02-03 23:54:20.512] [ERROR] [default] - TypeError: conn.query is not a function
    at file:///D:/workspace/todoAPI/src/core/dbManager.mjs:44:36
    at tryCallTwo (D:\workspace\todoAPI\node_modules\promise\lib\core.js:45:5)
    at doResolve (D:\workspace\todoAPI\node_modules\promise\lib\core.js:200:13)
    at new Promise (D:\workspace\todoAPI\node_modules\promise\lib\core.js:66:3)
    at file:///D:/workspace/todoAPI/src/core/dbManager.mjs:42:16
    at tryCallOne (D:\workspace\todoAPI\node_modules\promise\lib\core.js:37:12)
    at D:\workspace\todoAPI\node_modules\promise\lib\core.js:123:15
    at flush (D:\workspace\todoAPI\node_modules\asap\raw.js:50:29)
    at _combinedTickCallback (internal/process/next_tick.js:131:7)
    at process._tickCallback (internal/process/next_tick.js:180:9)
[2018-02-03 23:54:20.514] [ERROR] [default] - 

[2018-02-03 23:55:33.951] [INFO] [default] - 准备启动服务器.....
[2018-02-03 23:55:33.953] [INFO] [default] - 

[2018-02-03 23:55:33.961] [INFO] [default] - 服务器启动耗时:11ms,监听端口：8080,系统核心数量：4
[2018-02-03 23:55:33.961] [INFO] [default] - 

[2018-02-03 23:55:36.572] [INFO] [default] - 用户请求端口:8080
[2018-02-03 23:55:36.573] [INFO] [default] - 用户请求接口：/app/login
[2018-02-03 23:55:36.573] [INFO] [default] - 请求方式:POST
[2018-02-03 23:55:36.574] [INFO] [default] - 

[2018-02-03 23:55:36.586] [INFO] [default] - post请求内容：{ name: 123 }
[2018-02-03 23:55:36.586] [INFO] [default] - get请求内容：{}
[2018-02-03 23:55:36.587] [INFO] [default] - 

[2018-02-03 23:55:36.621] [ERROR] [default] - 连接数据库失败！:
[2018-02-03 23:55:36.622] [ERROR] [default] - TypeError: conn.query is not a function
    at file:///D:/workspace/todoAPI/src/core/dbManager.mjs:42:36
    at tryCallTwo (D:\workspace\todoAPI\node_modules\promise\lib\core.js:45:5)
    at doResolve (D:\workspace\todoAPI\node_modules\promise\lib\core.js:200:13)
    at new Promise (D:\workspace\todoAPI\node_modules\promise\lib\core.js:66:3)
    at file:///D:/workspace/todoAPI/src/core/dbManager.mjs:40:16
    at tryCallOne (D:\workspace\todoAPI\node_modules\promise\lib\core.js:37:12)
    at D:\workspace\todoAPI\node_modules\promise\lib\core.js:123:15
    at flush (D:\workspace\todoAPI\node_modules\asap\raw.js:50:29)
    at _combinedTickCallback (internal/process/next_tick.js:131:7)
    at process._tickCallback (internal/process/next_tick.js:180:9)
[2018-02-03 23:55:36.623] [ERROR] [default] - 

[2018-02-03 23:55:54.258] [INFO] [default] - 准备启动服务器.....
[2018-02-03 23:55:54.260] [INFO] [default] - 

[2018-02-03 23:55:54.266] [INFO] [default] - 服务器启动耗时:10ms,监听端口：8080,系统核心数量：4
[2018-02-03 23:55:54.266] [INFO] [default] - 

[2018-02-03 23:55:56.136] [INFO] [default] - 用户请求端口:8080
[2018-02-03 23:55:56.136] [INFO] [default] - 用户请求接口：/app/login
[2018-02-03 23:55:56.136] [INFO] [default] - 请求方式:POST
[2018-02-03 23:55:56.136] [INFO] [default] - 

[2018-02-03 23:55:56.148] [INFO] [default] - post请求内容：{ name: 123 }
[2018-02-03 23:55:56.149] [INFO] [default] - get请求内容：{}
[2018-02-03 23:55:56.149] [INFO] [default] - 

[2018-02-03 23:55:56.181] [ERROR] [default] - 连接数据库失败2！:
[2018-02-03 23:55:56.181] [ERROR] [default] - { Error: ER_ACCESS_DENIED_ERROR: Access denied for user 'root'@'localhost' (using password: YES)
    at Handshake.Sequence._packetToError (D:\workspace\todoAPI\node_modules\mysql\lib\protocol\sequences\Sequence.js:52:14)
    at Handshake.ErrorPacket (D:\workspace\todoAPI\node_modules\mysql\lib\protocol\sequences\Handshake.js:130:18)
    at Protocol._parsePacket (D:\workspace\todoAPI\node_modules\mysql\lib\protocol\Protocol.js:279:23)
    at Parser.write (D:\workspace\todoAPI\node_modules\mysql\lib\protocol\Parser.js:76:12)
    at Protocol.write (D:\workspace\todoAPI\node_modules\mysql\lib\protocol\Protocol.js:39:16)
    at Socket.<anonymous> (D:\workspace\todoAPI\node_modules\mysql\lib\Connection.js:103:28)
    at emitOne (events.js:116:13)
    at Socket.emit (events.js:211:7)
    at addChunk (_stream_readable.js:263:12)
    at readableAddChunk (_stream_readable.js:250:11)
    --------------------
    at Protocol._enqueue (D:\workspace\todoAPI\node_modules\mysql\lib\protocol\Protocol.js:145:48)
    at Protocol.handshake (D:\workspace\todoAPI\node_modules\mysql\lib\protocol\Protocol.js:52:23)
    at PoolConnection.connect (D:\workspace\todoAPI\node_modules\mysql\lib\Connection.js:130:18)
    at Pool.getConnection (D:\workspace\todoAPI\node_modules\mysql\lib\Pool.js:48:16)
    at file:///D:/workspace/todoAPI/src/core/dbManager.mjs:23:14
    at tryCallTwo (D:\workspace\todoAPI\node_modules\promise\lib\core.js:45:5)
    at doResolve (D:\workspace\todoAPI\node_modules\promise\lib\core.js:200:13)
    at new Promise (D:\workspace\todoAPI\node_modules\promise\lib\core.js:66:3)
    at getConnect (file:///D:/workspace/todoAPI/src/core/dbManager.mjs:22:12)
    at query (file:///D:/workspace/todoAPI/src/core/dbManager.mjs:39:12)
  code: 'ER_ACCESS_DENIED_ERROR',
  errno: 1045,
  sqlMessage: 'Access denied for user \'root\'@\'localhost\' (using password: YES)',
  sqlState: '28000',
  fatal: true }
[2018-02-03 23:55:56.184] [ERROR] [default] - 

[2018-02-03 23:57:05.831] [INFO] [default] - 准备启动服务器.....
[2018-02-03 23:57:05.833] [INFO] [default] - 

[2018-02-03 23:57:05.839] [INFO] [default] - 服务器启动耗时:9ms,监听端口：8080,系统核心数量：4
[2018-02-03 23:57:05.839] [INFO] [default] - 

[2018-02-03 23:57:07.670] [INFO] [default] - 用户请求端口:8080
[2018-02-03 23:57:07.670] [INFO] [default] - 用户请求接口：/app/login
[2018-02-03 23:57:07.670] [INFO] [default] - 请求方式:POST
[2018-02-03 23:57:07.671] [INFO] [default] - 

[2018-02-03 23:57:07.680] [INFO] [default] - post请求内容：{ name: 123 }
[2018-02-03 23:57:07.680] [INFO] [default] - get请求内容：{}
[2018-02-03 23:57:07.680] [INFO] [default] - 

[2018-02-03 23:57:07.706] [INFO] [default] - 数据库SQL执行完毕:  select * from c_user where phone = '1' and password = '1' 
[2018-02-03 23:57:07.706] [INFO] [default] - 

