[2018-02-04 00:02:18.337] [INFO] [default] - 准备启动服务器.....
[2018-02-04 00:02:18.340] [INFO] [default] - 

[2018-02-04 00:02:18.346] [INFO] [default] - 服务器启动耗时:11ms,监听端口：8080,系统核心数量：4
[2018-02-04 00:02:18.346] [INFO] [default] - 

[2018-02-04 00:02:21.211] [INFO] [default] - 用户请求端口:8080
[2018-02-04 00:02:21.212] [INFO] [default] - 用户请求接口：/app/login
[2018-02-04 00:02:21.212] [INFO] [default] - 请求方式:POST
[2018-02-04 00:02:21.212] [INFO] [default] - 

[2018-02-04 00:02:21.220] [INFO] [default] - post请求内容：{ name: 123 }
[2018-02-04 00:02:21.220] [INFO] [default] - get请求内容：{}
[2018-02-04 00:02:21.220] [INFO] [default] - 

[2018-02-04 00:02:21.246] [INFO] [default] - 数据库SQL执行完毕:  select * from c_user where phone = '1' and password = '1' 
[2018-02-04 00:02:21.247] [INFO] [default] - 

[2018-02-04 00:02:21.252] [ERROR] [default] - ==================================
[2018-02-04 00:02:21.252] [ERROR] [default] - undefined
[2018-02-04 00:02:21.252] [ERROR] [default] - 

[2018-02-04 00:03:39.306] [INFO] [default] - 准备启动服务器.....
[2018-02-04 00:03:39.308] [INFO] [default] - 

[2018-02-04 00:03:39.315] [INFO] [default] - 服务器启动耗时:11ms,监听端口：8080,系统核心数量：4
[2018-02-04 00:03:39.315] [INFO] [default] - 

[2018-02-04 00:03:41.522] [INFO] [default] - 用户请求端口:8080
[2018-02-04 00:03:41.523] [INFO] [default] - 用户请求接口：/app/login
[2018-02-04 00:03:41.523] [INFO] [default] - 请求方式:POST
[2018-02-04 00:03:41.523] [INFO] [default] - 

[2018-02-04 00:03:41.534] [INFO] [default] - post请求内容：{ name: 123 }
[2018-02-04 00:03:41.534] [INFO] [default] - get请求内容：{}
[2018-02-04 00:03:41.534] [INFO] [default] - 

[2018-02-04 00:03:41.572] [INFO] [default] - 数据库SQL执行完毕:  select * from c_user where phone = '1' and password = '1' 
[2018-02-04 00:03:41.573] [INFO] [default] - 

[2018-02-04 00:03:41.574] [ERROR] [default] - ==================================
[2018-02-04 00:03:41.575] [ERROR] [default] - { answer: 
   RowDataPacket {
     id: '1',
     phone: '1',
     updateTime: 2018-02-03T15:48:40.000Z,
     name: '1',
     password: '1' } }
[2018-02-04 00:03:41.575] [ERROR] [default] - 

[2018-02-04 00:05:10.830] [INFO] [default] - 准备启动服务器.....
[2018-02-04 00:05:10.832] [INFO] [default] - 

[2018-02-04 00:05:10.838] [INFO] [default] - 服务器启动耗时:9ms,监听端口：8080,系统核心数量：4
[2018-02-04 00:05:10.838] [INFO] [default] - 

[2018-02-04 00:05:12.068] [INFO] [default] - 用户请求端口:8080
[2018-02-04 00:05:12.069] [INFO] [default] - 用户请求接口：/app/login
[2018-02-04 00:05:12.069] [INFO] [default] - 请求方式:POST
[2018-02-04 00:05:12.069] [INFO] [default] - 

[2018-02-04 00:05:12.080] [INFO] [default] - post请求内容： { name: 123 }
[2018-02-04 00:05:12.081] [INFO] [default] - get请求内容：{}
[2018-02-04 00:05:12.081] [INFO] [default] - 

[2018-02-04 00:05:12.111] [INFO] [default] - 数据库SQL执行完毕:  select * from c_user where phone = '1' and password = '1' 
[2018-02-04 00:05:12.111] [INFO] [default] - 

[2018-02-04 00:05:22.477] [INFO] [default] - 用户请求端口:8080
[2018-02-04 00:05:22.478] [INFO] [default] - 用户请求接口：/app/login
[2018-02-04 00:05:22.478] [INFO] [default] - 请求方式:POST
[2018-02-04 00:05:22.478] [INFO] [default] - 

[2018-02-04 00:05:22.480] [INFO] [default] - post请求内容： { name: 123 }
[2018-02-04 00:05:22.480] [INFO] [default] - get请求内容：{ t: '1' }
[2018-02-04 00:05:22.480] [INFO] [default] - 

[2018-02-04 00:05:22.490] [INFO] [default] - 数据库SQL执行完毕:  select * from c_user where phone = '1' and password = '1' 
[2018-02-04 00:05:22.491] [INFO] [default] - 

